warning: /home/nemo/projects/stratum/utils/Cargo.toml: unused manifest key: authors
warning: /home/nemo/projects/stratum/utils/Cargo.toml: unused manifest key: description
warning: /home/nemo/projects/stratum/utils/Cargo.toml: unused manifest key: documentation
warning: /home/nemo/projects/stratum/utils/Cargo.toml: unused manifest key: edition
warning: /home/nemo/projects/stratum/utils/Cargo.toml: unused manifest key: homepage
warning: /home/nemo/projects/stratum/utils/Cargo.toml: unused manifest key: keywords
warning: /home/nemo/projects/stratum/utils/Cargo.toml: unused manifest key: license
warning: /home/nemo/projects/stratum/utils/Cargo.toml: unused manifest key: license-file
warning: /home/nemo/projects/stratum/utils/Cargo.toml: unused manifest key: name
warning: /home/nemo/projects/stratum/utils/Cargo.toml: unused manifest key: readme
warning: /home/nemo/projects/stratum/utils/Cargo.toml: unused manifest key: repository
warning: /home/nemo/projects/stratum/utils/Cargo.toml: unused manifest key: rust-version
warning: /home/nemo/projects/stratum/utils/Cargo.toml: unused manifest key: version
warning: /home/nemo/projects/stratum/roles/Cargo.toml: unused manifest key: authors
warning: /home/nemo/projects/stratum/roles/Cargo.toml: unused manifest key: description
warning: /home/nemo/projects/stratum/roles/Cargo.toml: unused manifest key: documentation
warning: /home/nemo/projects/stratum/roles/Cargo.toml: unused manifest key: edition
warning: /home/nemo/projects/stratum/roles/Cargo.toml: unused manifest key: homepage
warning: /home/nemo/projects/stratum/roles/Cargo.toml: unused manifest key: keywords
warning: /home/nemo/projects/stratum/roles/Cargo.toml: unused manifest key: license
warning: /home/nemo/projects/stratum/roles/Cargo.toml: unused manifest key: license-file
warning: /home/nemo/projects/stratum/roles/Cargo.toml: unused manifest key: name
warning: /home/nemo/projects/stratum/roles/Cargo.toml: unused manifest key: readme
warning: /home/nemo/projects/stratum/roles/Cargo.toml: unused manifest key: repository
warning: /home/nemo/projects/stratum/roles/Cargo.toml: unused manifest key: rust-version
warning: /home/nemo/projects/stratum/roles/Cargo.toml: unused manifest key: version
warning: /home/nemo/projects/stratum/protocols/Cargo.toml: unused manifest key: authors
warning: /home/nemo/projects/stratum/protocols/Cargo.toml: unused manifest key: description
warning: /home/nemo/projects/stratum/protocols/Cargo.toml: unused manifest key: documentation
warning: /home/nemo/projects/stratum/protocols/Cargo.toml: unused manifest key: edition
warning: /home/nemo/projects/stratum/protocols/Cargo.toml: unused manifest key: homepage
warning: /home/nemo/projects/stratum/protocols/Cargo.toml: unused manifest key: keywords
warning: /home/nemo/projects/stratum/protocols/Cargo.toml: unused manifest key: license
warning: /home/nemo/projects/stratum/protocols/Cargo.toml: unused manifest key: license-file
warning: /home/nemo/projects/stratum/protocols/Cargo.toml: unused manifest key: name
warning: /home/nemo/projects/stratum/protocols/Cargo.toml: unused manifest key: readme
warning: /home/nemo/projects/stratum/protocols/Cargo.toml: unused manifest key: repository
warning: /home/nemo/projects/stratum/protocols/Cargo.toml: unused manifest key: rust-version
warning: /home/nemo/projects/stratum/protocols/Cargo.toml: unused manifest key: version
    Finished dev [optimized + debuginfo] target(s) in 0.04s
     Running `/home/nemo/projects/stratum/roles/target/debug/pool_sv2 -c pool-config-local-tp-example.toml`
[2m2024-06-19T14:00:18.693640Z[0m [32m INFO[0m [2mpool_sv2[0m[2m:[0m Pool INITIALIZING with config: "pool-config-local-tp-example.toml"
[2m2024-06-19T14:00:18.693736Z[0m [32m INFO[0m [2mpool_sv2::lib::template_receiver[0m[2m:[0m Connected to template distribution server at 127.0.0.1:8442
[2m2024-06-19T14:00:19.026154Z[0m [32m INFO[0m [2mroles_logic_sv2::handlers::common[0m[2m:[0m Received SetupConnectionSuccess: version=2, flags=0
[2m2024-06-19T14:00:19.026303Z[0m [32m INFO[0m [2mpool_sv2::lib::mining_pool[0m[2m:[0m PUB KEY: Ok([TxOut { value: 0, script_pubkey: Script(OP_DUP OP_HASH160 OP_PUSHBYTES_20 eeb4e6ae08702d952e6015b57d9dcbe8ddf4f4a3 OP_EQUALVERIFY OP_CHECKSIG) }])
[2m2024-06-19T14:00:19.026354Z[0m [32m INFO[0m [2mpool_sv2::lib::mining_pool[0m[2m:[0m Starting up pool listener
[2m2024-06-19T14:00:19.026523Z[0m [32m INFO[0m [2mpool_sv2::lib::mining_pool[0m[2m:[0m Listening for encrypted connection on: 0.0.0.0:34254
[2m2024-06-19T14:00:19.177053Z[0m [32m INFO[0m [2mroles_logic_sv2::handlers::template_distribution[0m[2m:[0m Received NewTemplate with id: 1, is future: true
[2m2024-06-19T14:00:19.177173Z[0m [32m INFO[0m [2mroles_logic_sv2::handlers::template_distribution[0m[2m:[0m Received SetNewPrevHash for template: 1
[2m2024-06-19T14:00:21.306691Z[0m [32m INFO[0m [2mpool_sv2[0m[2m:[0m Interrupt received
